Tue Sep 01 18:00:58 IST 2020 : Apache Derby Network Server - 10.11.1.2 - (1629631) started and ready to accept connections on port 1527
----------------------------------------------------------------
Tue Sep 01 18:01:06 IST 2020:
Booting Derby version The Apache Software Foundation - Apache Derby - 10.11.1.2 - (1629631): instance a816c00e-0174-49a6-2244-00006d4b691c 
on database directory C:\Users\ASUS\.netbeans-derby\blog with class loader sun.misc.Launcher$AppClassLoader@60e53b93 
Loaded from file:/C:/Program%20Files/Java/jdk1.8.0_51/db/lib/derby.jar
java.vendor=Oracle Corporation
java.runtime.version=1.8.0_51-b16
user.dir=C:\Program Files\Java\jdk1.8.0_51\db
os.name=Windows 8.1
os.arch=amd64
os.version=6.3
derby.system.home=C:\Users\ASUS\.netbeans-derby
Database Class Loader started - derby.database.classpath=''
----------------------------------------------------------------
Tue Sep 01 23:01:11 IST 2020: Shutting down Derby engine
----------------------------------------------------------------
Tue Sep 01 23:01:11 IST 2020:
Shutting down instance a816c00e-0174-49a6-2244-00006d4b691c on database directory C:\Users\ASUS\.netbeans-derby\blog with class loader sun.misc.Launcher$AppClassLoader@60e53b93 
----------------------------------------------------------------
